

Version:	3.14
CmdLine:	C:\Users\mhspo\OneDrive\Documents\NetBeansProjects\amlahproject\dist\library software.exe --l4j-debug
WOW64:		yes
Create mutex:	tyor aljanna
Working dir:	C:\Users\mhspo\OneDrive\Documents\NetBeansProjects\amlahproject\dist\.
Java min ver:	1.008.000
Java max ver:	
64-bit search:	SOFTWARE\JavaSoft\Java Runtime Environment...
Check:		SOFTWARE\JavaSoft\Java Runtime Environment\1.8
Check launcher:	C:\Program Files\Java\jre1.8.0_321\bin\javaw.exe (OK)
Match:		1.008.000
Check:		SOFTWARE\JavaSoft\Java Runtime Environment\1.8.0_321
Check launcher:	C:\Program Files\Java\jre1.8.0_321\bin\javaw.exe (OK)
Match:		1.008.000_321
64-bit search:	SOFTWARE\JavaSoft\Java Development Kit...
Check:		SOFTWARE\JavaSoft\Java Development Kit\1.8
Ignore:		1.008.000
Check:		SOFTWARE\JavaSoft\Java Development Kit\1.8.0_144
Ignore:		1.008.000_144
64-bit search:	SOFTWARE\JavaSoft\JRE...
64-bit search:	SOFTWARE\JavaSoft\JDK...
Runtime used:	1.008.000_321 (64-bit)
Launcher:	C:\Program Files\Java\jre1.8.0_321\bin\javaw.exe
Launcher args:	-jar "C:\Users\mhspo\OneDrive\Documents\NetBeansProjects\amlahproject\dist\library software.exe"
Args length:	96/32768 chars
Exit code:	0


Version:	3.14
CmdLine:	C:\Users\mhspo\OneDrive\Documents\NetBeansProjects\amlahproject\dist\library software.exe --l4j-debug
WOW64:		yes
Create mutex:	tyor aljanna
Working dir:	C:\Users\mhspo\OneDrive\Documents\NetBeansProjects\amlahproject\dist\.
Java min ver:	1.008.000
Java max ver:	
64-bit search:	SOFTWARE\JavaSoft\Java Runtime Environment...
Check:		SOFTWARE\JavaSoft\Java Runtime Environment\1.8
Check launcher:	C:\Program Files\Java\jre1.8.0_321\bin\javaw.exe (OK)
Match:		1.008.000
Check:		SOFTWARE\JavaSoft\Java Runtime Environment\1.8.0_321
Check launcher:	C:\Program Files\Java\jre1.8.0_321\bin\javaw.exe (OK)
Match:		1.008.000_321
64-bit search:	SOFTWARE\JavaSoft\Java Development Kit...
Check:		SOFTWARE\JavaSoft\Java Development Kit\1.8
Ignore:		1.008.000
Check:		SOFTWARE\JavaSoft\Java Development Kit\1.8.0_144
Ignore:		1.008.000_144
64-bit search:	SOFTWARE\JavaSoft\JRE...
64-bit search:	SOFTWARE\JavaSoft\JDK...
Runtime used:	1.008.000_321 (64-bit)
Launcher:	C:\Program Files\Java\jre1.8.0_321\bin\javaw.exe
Launcher args:	-jar "C:\Users\mhspo\OneDrive\Documents\NetBeansProjects\amlahproject\dist\library software.exe"
Args length:	96/32768 chars
Exit code:	0
